# JRE version: OpenJDK Runtime Environment Temurin-21.0.10+7 (21.0.10+7) (build 21.0.10+7-LTS)
# Java VM: OpenJDK 64-Bit Server VM Temurin-21.0.10+7 (21.0.10+7-LTS, mixed mode, sharing, tiered, compressed oops, compressed class ptrs, parallel gc, windows-amd64)
GC Precious Log:
 CardTable entry size: 512
 CPUs: 12 total, 12 available
 Memory: 7501M
 Large Page Support: Disabled
 NUMA Support: Disabled
 Compressed Oops: Enabled (32-bit)
 Alignments: Space 512K, Generation 512K, Heap 2M
 Heap Min Capacity: 100M
 Heap Initial Capacity: 100M
 Heap Max Capacity: 2G
 Pre-touch: Disabled
 Parallel Workers: 10
Heap:
 PSYoungGen      total 6656K, used 3766K [0x00000000d5580000, 0x00000000d6280000, 0x0000000100000000)
  eden space 6144K, 53% used [0x00000000d5580000,0x00000000d58b1a28,0x00000000d5b80000)
  from space 512K, 96% used [0x00000000d6200000,0x00000000d627c010,0x00000000d6280000)
  to   space 1536K, 0% used [0x00000000d5f80000,0x00000000d5f80000,0x00000000d6100000)
 ParOldGen       total 308736K, used 308686K [0x0000000080000000, 0x0000000092d80000, 0x00000000d5580000)
  object space 308736K, 99% used [0x0000000080000000,0x0000000092d739f8,0x0000000092d80000)
 Metaspace       used 72906K, committed 74560K, reserved 1179648K
  class space    used 7613K, committed 8384K, reserved 1048576K
GC Heap History (20 events):
Event: 205.553 GC heap before
{Heap before GC invocations=146 (full 3):
 PSYoungGen      total 13824K, used 13822K [0x00000000d5580000, 0x00000000d7d80000, 0x0000000100000000)
  eden space 6144K, 100% used [0x00000000d5580000,0x00000000d5b80000,0x00000000d5b80000)
  from space 7680K, 99% used [0x00000000d6a00000,0x00000000d717f840,0x00000000d7180000)
  to   space 14848K, 0% used [0x00000000d5b80000,0x00000000d5b80000,0x00000000d6a00000)
 ParOldGen       total 291840K, used 291727K [0x0000000080000000, 0x0000000091d00000, 0x00000000d5580000)
  object space 291840K, 99% used [0x0000000080000000,0x0000000091ce3da0,0x0000000091d00000)
 Metaspace       used 72727K, committed 74432K, reserved 1179648K
  class space    used 7610K, committed 8384K, reserved 1048576K
}
Event: 205.573 GC heap after
{Heap after GC invocations=146 (full 3):
 PSYoungGen      total 10240K, used 3680K [0x00000000d5580000, 0x00000000d6a80000, 0x0000000100000000)
  eden space 6144K, 0% used [0x00000000d5580000,0x00000000d5580000,0x00000000d5b80000)
  from space 4096K, 89% used [0x00000000d5b80000,0x00000000d5f18000,0x00000000d5f80000)
  to   space 7680K, 0% used [0x00000000d6300000,0x00000000d6300000,0x00000000d6a80000)
 ParOldGen       total 300544K, used 300250K [0x0000000080000000, 0x0000000092580000, 0x00000000d5580000)
  object space 300544K, 99% used [0x0000000080000000,0x00000000925368b8,0x0000000092580000)
 Metaspace       used 72727K, committed 74432K, reserved 1179648K
  class space    used 7610K, committed 8384K, reserved 1048576K
}
Event: 205.745 GC heap before
{Heap before GC invocations=147 (full 3):
 PSYoungGen      total 10240K, used 9824K [0x00000000d5580000, 0x00000000d6a80000, 0x0000000100000000)
  eden space 6144K, 100% used [0x00000000d5580000,0x00000000d5b80000,0x00000000d5b80000)
  from space 4096K, 89% used [0x00000000d5b80000,0x00000000d5f18000,0x00000000d5f80000)
  to   space 7680K, 0% used [0x00000000d6300000,0x00000000d6300000,0x00000000d6a80000)
 ParOldGen       total 300544K, used 300250K [0x0000000080000000, 0x0000000092580000, 0x00000000d5580000)
  object space 300544K, 99% used [0x0000000080000000,0x00000000925368b8,0x0000000092580000)
 Metaspace       used 72747K, committed 74432K, reserved 1179648K
  class space    used 7610K, committed 8384K, reserved 1048576K
}
Event: 205.756 GC heap after
{Heap after GC invocations=147 (full 3):
 PSYoungGen      total 7168K, used 841K [0x00000000d5580000, 0x00000000d6400000, 0x0000000100000000)
  eden space 6144K, 0% used [0x00000000d5580000,0x00000000d5580000,0x00000000d5b80000)
  from space 1024K, 82% used [0x00000000d6300000,0x00000000d63d2400,0x00000000d6400000)
  to   space 2560K, 0% used [0x00000000d5f00000,0x00000000d5f00000,0x00000000d6180000)
 ParOldGen       total 304128K, used 303874K [0x0000000080000000, 0x0000000092900000, 0x00000000d5580000)
  object space 304128K, 99% used [0x0000000080000000,0x00000000928c08b8,0x0000000092900000)
 Metaspace       used 72747K, committed 74432K, reserved 1179648K
  class space    used 7610K, committed 8384K, reserved 1048576K
}
Event: 205.786 GC heap before
{Heap before GC invocations=148 (full 3):
 PSYoungGen      total 7168K, used 6985K [0x00000000d5580000, 0x00000000d6400000, 0x0000000100000000)
  eden space 6144K, 100% used [0x00000000d5580000,0x00000000d5b80000,0x00000000d5b80000)
  from space 1024K, 82% used [0x00000000d6300000,0x00000000d63d2400,0x00000000d6400000)
  to   space 2560K, 0% used [0x00000000d5f00000,0x00000000d5f00000,0x00000000d6180000)
 ParOldGen       total 304128K, used 303874K [0x0000000080000000, 0x0000000092900000, 0x00000000d5580000)
  object space 304128K, 99% used [0x0000000080000000,0x00000000928c08b8,0x0000000092900000)
 Metaspace       used 72748K, committed 74432K, reserved 1179648K
  class space    used 7610K, committed 8384K, reserved 1048576K
}
Event: 205.789 GC heap after
{Heap after GC invocations=148 (full 3):
 PSYoungGen      total 8704K, used 512K [0x00000000d5580000, 0x00000000d6380000, 0x0000000100000000)
  eden space 6144K, 0% used [0x00000000d5580000,0x00000000d5580000,0x00000000d5b80000)
  from space 2560K, 20% used [0x00000000d5f00000,0x00000000d5f80000,0x00000000d6180000)
  to   space 1024K, 0% used [0x00000000d6280000,0x00000000d6280000,0x00000000d6380000)
 ParOldGen       total 304640K, used 304589K [0x0000000080000000, 0x0000000092980000, 0x00000000d5580000)
  object space 304640K, 99% used [0x0000000080000000,0x0000000092973438,0x0000000092980000)
 Metaspace       used 72748K, committed 74432K, reserved 1179648K
  class space    used 7610K, committed 8384K, reserved 1048576K
}
Event: 205.828 GC heap before
{Heap before GC invocations=149 (full 3):
 PSYoungGen      total 8704K, used 6656K [0x00000000d5580000, 0x00000000d6380000, 0x0000000100000000)
  eden space 6144K, 100% used [0x00000000d5580000,0x00000000d5b80000,0x00000000d5b80000)
  from space 2560K, 20% used [0x00000000d5f00000,0x00000000d5f80000,0x00000000d6180000)
  to   space 1024K, 0% used [0x00000000d6280000,0x00000000d6280000,0x00000000d6380000)
 ParOldGen       total 304640K, used 304589K [0x0000000080000000, 0x0000000092980000, 0x00000000d5580000)
  object space 304640K, 99% used [0x0000000080000000,0x0000000092973438,0x0000000092980000)
 Metaspace       used 72772K, committed 74432K, reserved 1179648K
  class space    used 7610K, committed 8384K, reserved 1048576K
}
Event: 205.831 GC heap after
{Heap after GC invocations=149 (full 3):
 PSYoungGen      total 7168K, used 688K [0x00000000d5580000, 0x00000000d6380000, 0x0000000100000000)
  eden space 6144K, 0% used [0x00000000d5580000,0x00000000d5580000,0x00000000d5b80000)
  from space 1024K, 67% used [0x00000000d6280000,0x00000000d632c010,0x00000000d6380000)
  to   space 1024K, 0% used [0x00000000d6180000,0x00000000d6180000,0x00000000d6280000)
 ParOldGen       total 305152K, used 304937K [0x0000000080000000, 0x0000000092a00000, 0x00000000d5580000)
  object space 305152K, 99% used [0x0000000080000000,0x00000000929ca448,0x0000000092a00000)
 Metaspace       used 72772K, committed 74432K, reserved 1179648K
  class space    used 7610K, committed 8384K, reserved 1048576K
}
Event: 207.903 GC heap before
{Heap before GC invocations=150 (full 3):
 PSYoungGen      total 7168K, used 6832K [0x00000000d5580000, 0x00000000d6380000, 0x0000000100000000)
  eden space 6144K, 100% used [0x00000000d5580000,0x00000000d5b80000,0x00000000d5b80000)
  from space 1024K, 67% used [0x00000000d6280000,0x00000000d632c010,0x00000000d6380000)
  to   space 1024K, 0% used [0x00000000d6180000,0x00000000d6180000,0x00000000d6280000)
 ParOldGen       total 305152K, used 304937K [0x0000000080000000, 0x0000000092a00000, 0x00000000d5580000)
  object space 305152K, 99% used [0x0000000080000000,0x00000000929ca448,0x0000000092a00000)
 Metaspace       used 72827K, committed 74496K, reserved 1179648K
  class space    used 7610K, committed 8384K, reserved 1048576K
}
Event: 207.908 GC heap after
{Heap after GC invocations=150 (full 3):
 PSYoungGen      total 7168K, used 953K [0x00000000d5580000, 0x00000000d6300000, 0x0000000100000000)
  eden space 6144K, 0% used [0x00000000d5580000,0x00000000d5580000,0x00000000d5b80000)
  from space 1024K, 93% used [0x00000000d6180000,0x00000000d626e410,0x00000000d6280000)
  to   space 512K, 0% used [0x00000000d6280000,0x00000000d6280000,0x00000000d6300000)
 ParOldGen       total 305664K, used 305545K [0x0000000080000000, 0x0000000092a80000, 0x00000000d5580000)
  object space 305664K, 99% used [0x0000000080000000,0x0000000092a624a8,0x0000000092a80000)
 Metaspace       used 72827K, committed 74496K, reserved 1179648K
  class space    used 7610K, committed 8384K, reserved 1048576K
}
Event: 207.955 GC heap before
{Heap before GC invocations=151 (full 3):
 PSYoungGen      total 7168K, used 7097K [0x00000000d5580000, 0x00000000d6300000, 0x0000000100000000)
  eden space 6144K, 100% used [0x00000000d5580000,0x00000000d5b80000,0x00000000d5b80000)
  from space 1024K, 93% used [0x00000000d6180000,0x00000000d626e410,0x00000000d6280000)
  to   space 512K, 0% used [0x00000000d6280000,0x00000000d6280000,0x00000000d6300000)
 ParOldGen       total 305664K, used 305545K [0x0000000080000000, 0x0000000092a80000, 0x00000000d5580000)
  object space 305664K, 99% used [0x0000000080000000,0x0000000092a624a8,0x0000000092a80000)
 Metaspace       used 72833K, committed 74496K, reserved 1179648K
  class space    used 7610K, committed 8384K, reserved 1048576K
}
Event: 207.960 GC heap after
{Heap after GC invocations=151 (full 3):
 PSYoungGen      total 6656K, used 480K [0x00000000d5580000, 0x00000000d6300000, 0x0000000100000000)
  eden space 6144K, 0% used [0x00000000d5580000,0x00000000d5580000,0x00000000d5b80000)
  from space 512K, 93% used [0x00000000d6280000,0x00000000d62f8000,0x00000000d6300000)
  to   space 1024K, 0% used [0x00000000d6100000,0x00000000d6100000,0x00000000d6200000)
 ParOldGen       total 306688K, used 306388K [0x0000000080000000, 0x0000000092b80000, 0x00000000d5580000)
  object space 306688K, 99% used [0x0000000080000000,0x0000000092b353b8,0x0000000092b80000)
 Metaspace       used 72833K, committed 74496K, reserved 1179648K
  class space    used 7610K, committed 8384K, reserved 1048576K
}
Event: 208.004 GC heap before
{Heap before GC invocations=152 (full 3):
 PSYoungGen      total 6656K, used 6624K [0x00000000d5580000, 0x00000000d6300000, 0x0000000100000000)
  eden space 6144K, 100% used [0x00000000d5580000,0x00000000d5b80000,0x00000000d5b80000)
  from space 512K, 93% used [0x00000000d6280000,0x00000000d62f8000,0x00000000d6300000)
  to   space 1024K, 0% used [0x00000000d6100000,0x00000000d6100000,0x00000000d6200000)
 ParOldGen       total 306688K, used 306388K [0x0000000080000000, 0x0000000092b80000, 0x00000000d5580000)
  object space 306688K, 99% used [0x0000000080000000,0x0000000092b353b8,0x0000000092b80000)
 Metaspace       used 72846K, committed 74496K, reserved 1179648K
  class space    used 7610K, committed 8384K, reserved 1048576K
}
Event: 208.008 GC heap after
{Heap after GC invocations=152 (full 3):
 PSYoungGen      total 7168K, used 640K [0x00000000d5580000, 0x00000000d6300000, 0x0000000100000000)
  eden space 6144K, 0% used [0x00000000d5580000,0x00000000d5580000,0x00000000d5b80000)
  from space 1024K, 62% used [0x00000000d6100000,0x00000000d61a0020,0x00000000d6200000)
  to   space 1024K, 0% used [0x00000000d6200000,0x00000000d6200000,0x00000000d6300000)
 ParOldGen       total 307200K, used 306800K [0x0000000080000000, 0x0000000092c00000, 0x00000000d5580000)
  object space 307200K, 99% used [0x0000000080000000,0x0000000092b9c3c8,0x0000000092c00000)
 Metaspace       used 72846K, committed 74496K, reserved 1179648K
  class space    used 7610K, committed 8384K, reserved 1048576K
}
Event: 208.072 GC heap before
{Heap before GC invocations=153 (full 3):
 PSYoungGen      total 7168K, used 6784K [0x00000000d5580000, 0x00000000d6300000, 0x0000000100000000)
  eden space 6144K, 100% used [0x00000000d5580000,0x00000000d5b80000,0x00000000d5b80000)
  from space 1024K, 62% used [0x00000000d6100000,0x00000000d61a0020,0x00000000d6200000)
  to   space 1024K, 0% used [0x00000000d6200000,0x00000000d6200000,0x00000000d6300000)
 ParOldGen       total 307200K, used 306800K [0x0000000080000000, 0x0000000092c00000, 0x00000000d5580000)
  object space 307200K, 99% used [0x0000000080000000,0x0000000092b9c3c8,0x0000000092c00000)
 Metaspace       used 72853K, committed 74496K, reserved 1179648K
  class space    used 7611K, committed 8384K, reserved 1048576K
}
Event: 208.079 GC heap after
{Heap after GC invocations=153 (full 3):
 PSYoungGen      total 7168K, used 937K [0x00000000d5580000, 0x00000000d6300000, 0x0000000100000000)
  eden space 6144K, 0% used [0x00000000d5580000,0x00000000d5580000,0x00000000d5b80000)
  from space 1024K, 91% used [0x00000000d6200000,0x00000000d62ea400,0x00000000d6300000)
  to   space 1024K, 0% used [0x00000000d6100000,0x00000000d6100000,0x00000000d6200000)
 ParOldGen       total 307712K, used 307353K [0x0000000080000000, 0x0000000092c80000, 0x00000000d5580000)
  object space 307712K, 99% used [0x0000000080000000,0x0000000092c26428,0x0000000092c80000)
 Metaspace       used 72853K, committed 74496K, reserved 1179648K
  class space    used 7611K, committed 8384K, reserved 1048576K
}
Event: 208.119 GC heap before
{Heap before GC invocations=154 (full 3):
 PSYoungGen      total 7168K, used 7081K [0x00000000d5580000, 0x00000000d6300000, 0x0000000100000000)
  eden space 6144K, 100% used [0x00000000d5580000,0x00000000d5b80000,0x00000000d5b80000)
  from space 1024K, 91% used [0x00000000d6200000,0x00000000d62ea400,0x00000000d6300000)
  to   space 1024K, 0% used [0x00000000d6100000,0x00000000d6100000,0x00000000d6200000)
 ParOldGen       total 307712K, used 307353K [0x0000000080000000, 0x0000000092c80000, 0x00000000d5580000)
  object space 307712K, 99% used [0x0000000080000000,0x0000000092c26428,0x0000000092c80000)
 Metaspace       used 72873K, committed 74560K, reserved 1179648K
  class space    used 7613K, committed 8384K, reserved 1048576K
}
Event: 208.123 GC heap after
{Heap after GC invocations=154 (full 3):
 PSYoungGen      total 7168K, used 608K [0x00000000d5580000, 0x00000000d6280000, 0x0000000100000000)
  eden space 6144K, 0% used [0x00000000d5580000,0x00000000d5580000,0x00000000d5b80000)
  from space 1024K, 59% used [0x00000000d6100000,0x00000000d6198000,0x00000000d6200000)
  to   space 512K, 0% used [0x00000000d6200000,0x00000000d6200000,0x00000000d6280000)
 ParOldGen       total 308224K, used 308162K [0x0000000080000000, 0x0000000092d00000, 0x00000000d5580000)
  object space 308224K, 99% used [0x0000000080000000,0x0000000092cf09b8,0x0000000092d00000)
 Metaspace       used 72873K, committed 74560K, reserved 1179648K
  class space    used 7613K, committed 8384K, reserved 1048576K
}
Event: 208.153 GC heap before
{Heap before GC invocations=155 (full 3):
 PSYoungGen      total 7168K, used 6752K [0x00000000d5580000, 0x00000000d6280000, 0x0000000100000000)
  eden space 6144K, 100% used [0x00000000d5580000,0x00000000d5b80000,0x00000000d5b80000)
  from space 1024K, 59% used [0x00000000d6100000,0x00000000d6198000,0x00000000d6200000)
  to   space 512K, 0% used [0x00000000d6200000,0x00000000d6200000,0x00000000d6280000)
 ParOldGen       total 308224K, used 308162K [0x0000000080000000, 0x0000000092d00000, 0x00000000d5580000)
  object space 308224K, 99% used [0x0000000080000000,0x0000000092cf09b8,0x0000000092d00000)
 Metaspace       used 72880K, committed 74560K, reserved 1179648K
  class space    used 7613K, committed 8384K, reserved 1048576K
}
Event: 208.155 GC heap after
{Heap after GC invocations=155 (full 3):
 PSYoungGen      total 6656K, used 496K [0x00000000d5580000, 0x00000000d6280000, 0x0000000100000000)
  eden space 6144K, 0% used [0x00000000d5580000,0x00000000d5580000,0x00000000d5b80000)
  from space 512K, 96% used [0x00000000d6200000,0x00000000d627c010,0x00000000d6280000)
  to   space 1536K, 0% used [0x00000000d5f80000,0x00000000d5f80000,0x00000000d6100000)
 ParOldGen       total 308736K, used 308686K [0x0000000080000000, 0x0000000092d80000, 0x00000000d5580000)
  object space 308736K, 99% used [0x0000000080000000,0x0000000092d739f8,0x0000000092d80000)
 Metaspace       used 72880K, committed 74560K, reserved 1179648K
  class space    used 7613K, committed 8384K, reserved 1048576K
}

